C:\USERS\RRR\DOCUMENTS\VISUAL STUDIO 2012\PROJECTS\MSVC-TESTS\WIN32DLL\DEBUG\DLLMAIN.OBJ
C:\USERS\RRR\DOCUMENTS\VISUAL STUDIO 2012\PROJECTS\MSVC-TESTS\WIN32DLL\DEBUG\VC110.PDB
C:\USERS\RRR\DOCUMENTS\VISUAL STUDIO 2012\PROJECTS\MSVC-TESTS\WIN32DLL\DEBUG\WIN32DLL.OBJ
C:\USERS\RRR\DOCUMENTS\VISUAL STUDIO 2012\PROJECTS\MSVC-TESTS\WIN32DLL\DEBUG\ADD.OBJ
C:\USERS\RRR\DOCUMENTS\VISUAL STUDIO 2012\PROJECTS\MSVC-TESTS\DEBUG\WIN32DLL.ILK
C:\USERS\RRR\DOCUMENTS\VISUAL STUDIO 2012\PROJECTS\MSVC-TESTS\DEBUG\WIN32DLL.DLL
C:\USERS\RRR\DOCUMENTS\VISUAL STUDIO 2012\PROJECTS\MSVC-TESTS\DEBUG\WIN32DLL.PDB
C:\Users\rrr\Documents\Visual Studio 2012\Projects\msvc-tests\Debug\Win32DLL.lib
C:\Users\rrr\Documents\Visual Studio 2012\Projects\msvc-tests\Debug\Win32DLL.exp
C:\Users\rrr\Documents\Visual Studio 2012\Projects\msvc-tests\Win32DLL\Debug\add.obj
C:\Users\rrr\Documents\Visual Studio 2012\Projects\msvc-tests\Win32DLL\Debug\dllmain.obj
C:\Users\rrr\Documents\Visual Studio 2012\Projects\msvc-tests\Win32DLL\Debug\Win32DLL.obj
C:\Users\rrr\Documents\Visual Studio 2012\Projects\msvc-tests\Win32DLL\Debug\cl.command.1.tlog
C:\Users\rrr\Documents\Visual Studio 2012\Projects\msvc-tests\Win32DLL\Debug\CL.read.1.tlog
C:\Users\rrr\Documents\Visual Studio 2012\Projects\msvc-tests\Win32DLL\Debug\CL.write.1.tlog
C:\Users\rrr\Documents\Visual Studio 2012\Projects\msvc-tests\Win32DLL\Debug\link-cvtres.read.1.tlog
C:\Users\rrr\Documents\Visual Studio 2012\Projects\msvc-tests\Win32DLL\Debug\link-cvtres.write.1.tlog
C:\Users\rrr\Documents\Visual Studio 2012\Projects\msvc-tests\Win32DLL\Debug\link-rc.read.1.tlog
C:\Users\rrr\Documents\Visual Studio 2012\Projects\msvc-tests\Win32DLL\Debug\link-rc.write.1.tlog
C:\Users\rrr\Documents\Visual Studio 2012\Projects\msvc-tests\Win32DLL\Debug\link.8788-cvtres.read.1.tlog
C:\Users\rrr\Documents\Visual Studio 2012\Projects\msvc-tests\Win32DLL\Debug\link.8788-cvtres.write.1.tlog
C:\Users\rrr\Documents\Visual Studio 2012\Projects\msvc-tests\Win32DLL\Debug\link.8788-rc.read.1.tlog
C:\Users\rrr\Documents\Visual Studio 2012\Projects\msvc-tests\Win32DLL\Debug\link.8788-rc.write.1.tlog
C:\Users\rrr\Documents\Visual Studio 2012\Projects\msvc-tests\Win32DLL\Debug\link.8788.read.1.tlog
C:\Users\rrr\Documents\Visual Studio 2012\Projects\msvc-tests\Win32DLL\Debug\link.8788.write.1.tlog
C:\Users\rrr\Documents\Visual Studio 2012\Projects\msvc-tests\Win32DLL\Debug\link.9136-cvtres.read.1.tlog
C:\Users\rrr\Documents\Visual Studio 2012\Projects\msvc-tests\Win32DLL\Debug\link.9136-cvtres.write.1.tlog
C:\Users\rrr\Documents\Visual Studio 2012\Projects\msvc-tests\Win32DLL\Debug\link.9136-rc.read.1.tlog
C:\Users\rrr\Documents\Visual Studio 2012\Projects\msvc-tests\Win32DLL\Debug\link.9136-rc.write.1.tlog
C:\Users\rrr\Documents\Visual Studio 2012\Projects\msvc-tests\Win32DLL\Debug\link.9136.read.1.tlog
C:\Users\rrr\Documents\Visual Studio 2012\Projects\msvc-tests\Win32DLL\Debug\link.9136.write.1.tlog
C:\Users\rrr\Documents\Visual Studio 2012\Projects\msvc-tests\Win32DLL\Debug\link.command.1.tlog
C:\Users\rrr\Documents\Visual Studio 2012\Projects\msvc-tests\Win32DLL\Debug\link.read.1.tlog
C:\Users\rrr\Documents\Visual Studio 2012\Projects\msvc-tests\Win32DLL\Debug\link.write.1.tlog
C:\Users\rrr\Documents\Visual Studio 2012\Projects\msvc-tests\Win32DLL\Debug\Win32DLL.write.1.tlog
C:\Users\rrr\Documents\Visual Studio 2012\Projects\msvc-tests\Win32DLL\Debug\vc110.idb
C:\Users\rrr\Documents\Visual Studio 2012\Projects\msvc-tests\Win32DLL\Debug\vc110.pdb
C:\Users\rrr\Documents\Visual Studio 2012\Projects\msvc-tests\Debug\Win32DLL.pdb
C:\Users\rrr\Documents\Visual Studio 2012\Projects\msvc-tests\Debug\Win32DLL.dll
C:\Users\rrr\Documents\Visual Studio 2012\Projects\msvc-tests\Debug\Win32DLL.ilk
