C:\USERS\RRR\DOCUMENTS\VISUAL STUDIO 2012\PROJECTS\MSVC-TESTS\WIN32STATICLIBCONSOLEAPP\DEBUG\WIN32STATICLIBCONSOLEAPP.OBJ
C:\USERS\RRR\DOCUMENTS\VISUAL STUDIO 2012\PROJECTS\MSVC-TESTS\WIN32STATICLIBCONSOLEAPP\DEBUG\VC110.PDB
C:\USERS\RRR\DOCUMENTS\VISUAL STUDIO 2012\PROJECTS\MSVC-TESTS\DEBUG\WIN32STATICLIBCONSOLEAPP.ILK
C:\USERS\RRR\DOCUMENTS\VISUAL STUDIO 2012\PROJECTS\MSVC-TESTS\DEBUG\WIN32STATICLIBCONSOLEAPP.EXE
C:\USERS\RRR\DOCUMENTS\VISUAL STUDIO 2012\PROJECTS\MSVC-TESTS\DEBUG\WIN32STATICLIBCONSOLEAPP.PDB
C:\Users\rrr\Documents\Visual Studio 2012\Projects\msvc-tests\Win32StaticLibConsoleApp\Debug\Win32StaticLibConsoleApp.vcxprojResolveAssemblyReference.cache
C:\Users\rrr\Documents\Visual Studio 2012\Projects\msvc-tests\Win32StaticLibConsoleApp\Debug\Win32StaticLibConsoleApp.obj
C:\Users\rrr\Documents\Visual Studio 2012\Projects\msvc-tests\Win32StaticLibConsoleApp\Debug\cl.command.1.tlog
C:\Users\rrr\Documents\Visual Studio 2012\Projects\msvc-tests\Win32StaticLibConsoleApp\Debug\CL.read.1.tlog
C:\Users\rrr\Documents\Visual Studio 2012\Projects\msvc-tests\Win32StaticLibConsoleApp\Debug\CL.write.1.tlog
C:\Users\rrr\Documents\Visual Studio 2012\Projects\msvc-tests\Win32StaticLibConsoleApp\Debug\link-cvtres.read.1.tlog
C:\Users\rrr\Documents\Visual Studio 2012\Projects\msvc-tests\Win32StaticLibConsoleApp\Debug\link-cvtres.write.1.tlog
C:\Users\rrr\Documents\Visual Studio 2012\Projects\msvc-tests\Win32StaticLibConsoleApp\Debug\link-rc.read.1.tlog
C:\Users\rrr\Documents\Visual Studio 2012\Projects\msvc-tests\Win32StaticLibConsoleApp\Debug\link-rc.write.1.tlog
C:\Users\rrr\Documents\Visual Studio 2012\Projects\msvc-tests\Win32StaticLibConsoleApp\Debug\link.7884-cvtres.read.1.tlog
C:\Users\rrr\Documents\Visual Studio 2012\Projects\msvc-tests\Win32StaticLibConsoleApp\Debug\link.7884-cvtres.write.1.tlog
C:\Users\rrr\Documents\Visual Studio 2012\Projects\msvc-tests\Win32StaticLibConsoleApp\Debug\link.7884-rc.read.1.tlog
C:\Users\rrr\Documents\Visual Studio 2012\Projects\msvc-tests\Win32StaticLibConsoleApp\Debug\link.7884-rc.write.1.tlog
C:\Users\rrr\Documents\Visual Studio 2012\Projects\msvc-tests\Win32StaticLibConsoleApp\Debug\link.7884.read.1.tlog
C:\Users\rrr\Documents\Visual Studio 2012\Projects\msvc-tests\Win32StaticLibConsoleApp\Debug\link.7884.write.1.tlog
C:\Users\rrr\Documents\Visual Studio 2012\Projects\msvc-tests\Win32StaticLibConsoleApp\Debug\link.command.1.tlog
C:\Users\rrr\Documents\Visual Studio 2012\Projects\msvc-tests\Win32StaticLibConsoleApp\Debug\link.read.1.tlog
C:\Users\rrr\Documents\Visual Studio 2012\Projects\msvc-tests\Win32StaticLibConsoleApp\Debug\link.write.1.tlog
C:\Users\rrr\Documents\Visual Studio 2012\Projects\msvc-tests\Win32StaticLibConsoleApp\Debug\vc110.idb
C:\Users\rrr\Documents\Visual Studio 2012\Projects\msvc-tests\Win32StaticLibConsoleApp\Debug\vc110.pdb
C:\Users\rrr\Documents\Visual Studio 2012\Projects\msvc-tests\Debug\Win32StaticLibConsoleApp.pdb
C:\Users\rrr\Documents\Visual Studio 2012\Projects\msvc-tests\Debug\Win32StaticLibConsoleApp.exe
C:\Users\rrr\Documents\Visual Studio 2012\Projects\msvc-tests\Debug\Win32StaticLibConsoleApp.ilk
